<?xml version="1.0" encoding="UTF-8"?>
<testsuites name="Test Suite Collection" time="40.975" tests="6" failures="0" errors="0">
   <testsuite name="Test Suite" tests="3" failures="0" errors="0" time="25.72" skipped="0" timestamp="26-08-2024T01:16:16" hostname="nurul - DESKTOP-T0VFG0N.realtek" id="Test Suites/Test Suite">
      <properties>
         <property name="deviceName" value=""/>
         <property name="devicePlatform"/>
         <property name="logFolder" value="C:\\Users\\nurul\\Desktop\\Lam\\Katalon\\Katalon Studio\\ProjectA\\Reports\\20240826_011604\\Test Suite\\20240826_011605"/>
         <property name="logFiles" value="C:\\Users\\nurul\\Desktop\\Lam\\Katalon\\Katalon Studio\\ProjectA\\Reports\\20240826_011604\\Test Suite\\20240826_011605\\execution0.log"/>
         <property name="attachments" value=""/>
         <property name="hostName" value="nurul - DESKTOP-T0VFG0N.realtek"/>
         <property name="os" value="Windows 10 64bit"/>
         <property name="katalonVersion" value="9.6.0.217"/>
         <property name="browser" value="Chrome 128.0.0.0"/>
         <property name="hostAddress" value="192.168.1.7"/>
         <property name="sessionId" value="62be2a66bfc736bb1fc48774fa300c43"/>
         <property name="seleniumVersion" value="3.141.59"/>
         <property name="proxyInformation" value="ProxyInformation { proxyOption=NO_PROXY, proxyServerType=HTTP, username=, password=********, proxyServerAddress=, proxyServerPort=0, executionList=&quot;&quot;, isApplyToDesiredCapabilities=true }"/>
         <property name="platform" value="Windows 10"/>
      </properties>
      <testcase name="Test Cases/Auto" time="10.709" classname="Test Cases/Auto" status="PASSED">
         <system-out><![CDATA[26-08-2024T01:16:17 - [TEST_CASE][PASSED] - Test Cases/Auto: Test Cases/Auto

26-08-2024T01:16:17 - [TEST_STEP][PASSED] - openBrowser(""): Browser is opened with url: ''

26-08-2024T01:16:18 - [MESSAGE][INFO] - Starting 'Chrome' driver

26-08-2024T01:16:18 - [MESSAGE][INFO] - Action delay is set to 0 milliseconds

26-08-2024T01:16:20 - [MESSAGE][PASSED] - Browser is opened with url: ''

26-08-2024T01:16:20 - [TEST_STEP][PASSED] - navigateToUrl("https://katalon-demo-cura.herokuapp.com/"): Navigate to 'https://katalon-demo-cura.herokuapp.com/' successfully

26-08-2024T01:16:23 - [MESSAGE][PASSED] - Navigate to 'https://katalon-demo-cura.herokuapp.com/' successfully

26-08-2024T01:16:23 - [TEST_STEP][PASSED] - click(findTestObject("Object Repository/Auto/Page_CURA Healthcare Service/a_Make Appointment")): Object: 'Object Repository/Auto/Page_CURA Healthcare Service/a_Make Appointment' is clicked on

26-08-2024T01:16:24 - [MESSAGE][PASSED] - Object: 'Object Repository/Auto/Page_CURA Healthcare Service/a_Make Appointment' is clicked on

26-08-2024T01:16:24 - [TEST_STEP][PASSED] - setText(findTestObject("Object Repository/Auto/Page_CURA Healthcare Service/input_Username_username"), "John Doe"): Text 'John Doe' is set on object 'Object Repository/Auto/Page_CURA Healthcare Service/input_Username_username'

26-08-2024T01:16:25 - [MESSAGE][PASSED] - Text 'John Doe' is set on object 'Object Repository/Auto/Page_CURA Healthcare Service/input_Username_username'

26-08-2024T01:16:25 - [TEST_STEP][PASSED] - setEncryptedText(findTestObject("Object Repository/Auto/Page_CURA Healthcare Service/input_Password_password"), "g3/DOGG74jC3Flrr3yH+3D/yKbOqqUNM"): Text ****** has been set on object 'Object Repository/Auto/Page_CURA Healthcare Service/input_Password_password'

26-08-2024T01:16:25 - [MESSAGE][PASSED] - Text ****** has been set on object 'Object Repository/Auto/Page_CURA Healthcare Service/input_Password_password'

26-08-2024T01:16:25 - [TEST_STEP][PASSED] - click(findTestObject("Object Repository/Auto/Page_CURA Healthcare Service/button_Login")): Object: 'Object Repository/Auto/Page_CURA Healthcare Service/button_Login' is clicked on

26-08-2024T01:16:27 - [MESSAGE][PASSED] - Object: 'Object Repository/Auto/Page_CURA Healthcare Service/button_Login' is clicked on

26-08-2024T01:16:27 - [TEST_STEP][PASSED] - click(findTestObject("Object Repository/Auto/Page_CURA Healthcare Service/h2_Make Appointment")): Object: 'Object Repository/Auto/Page_CURA Healthcare Service/h2_Make Appointment' is clicked on

26-08-2024T01:16:27 - [MESSAGE][PASSED] - Object: 'Object Repository/Auto/Page_CURA Healthcare Service/h2_Make Appointment' is clicked on

26-08-2024T01:16:27 - [TEST_STEP][PASSED] - closeBrowser(): Browser is closed

26-08-2024T01:16:27 - [MESSAGE][PASSED] - Browser is closed]]></system-out>
         <system-err><![CDATA[]]></system-err>
      </testcase>
      <testcase name="Test Cases/Manual" time="7.149" classname="Test Cases/Manual" status="PASSED">
         <system-out><![CDATA[26-08-2024T01:16:27 - [TEST_CASE][PASSED] - Test Cases/Manual: Test Cases/Manual

26-08-2024T01:16:27 - [TEST_STEP][PASSED] - openBrowser(""): Browser is opened with url: ''

26-08-2024T01:16:27 - [MESSAGE][INFO] - Starting 'Chrome' driver

26-08-2024T01:16:27 - [MESSAGE][INFO] - Action delay is set to 0 milliseconds

26-08-2024T01:16:28 - [MESSAGE][PASSED] - Browser is opened with url: ''

26-08-2024T01:16:28 - [TEST_STEP][PASSED] - navigateToUrl("https://katalon-demo-cura.herokuapp.com/"): Navigate to 'https://katalon-demo-cura.herokuapp.com/' successfully

26-08-2024T01:16:31 - [MESSAGE][PASSED] - Navigate to 'https://katalon-demo-cura.herokuapp.com/' successfully

26-08-2024T01:16:31 - [TEST_STEP][PASSED] - click(findTestObject("Object Repository/Auto/Page_CURA Healthcare Service/a_Make Appointment")): Object: 'Object Repository/Auto/Page_CURA Healthcare Service/a_Make Appointment' is clicked on

26-08-2024T01:16:32 - [MESSAGE][PASSED] - Object: 'Object Repository/Auto/Page_CURA Healthcare Service/a_Make Appointment' is clicked on

26-08-2024T01:16:32 - [TEST_STEP][PASSED] - setText(findTestObject("Object Repository/Auto/Page_CURA Healthcare Service/input_Username_username"), "John Doe"): Text 'John Doe' is set on object 'Object Repository/Auto/Page_CURA Healthcare Service/input_Username_username'

26-08-2024T01:16:32 - [MESSAGE][PASSED] - Text 'John Doe' is set on object 'Object Repository/Auto/Page_CURA Healthcare Service/input_Username_username'

26-08-2024T01:16:32 - [TEST_STEP][PASSED] - setEncryptedText(findTestObject("Object Repository/Auto/Page_CURA Healthcare Service/input_Password_password"), "g3/DOGG74jC3Flrr3yH+3D/yKbOqqUNM"): Text ****** has been set on object 'Object Repository/Auto/Page_CURA Healthcare Service/input_Password_password'

26-08-2024T01:16:33 - [MESSAGE][PASSED] - Text ****** has been set on object 'Object Repository/Auto/Page_CURA Healthcare Service/input_Password_password'

26-08-2024T01:16:33 - [TEST_STEP][PASSED] - click(findTestObject("Object Repository/Auto/Page_CURA Healthcare Service/button_Login")): Object: 'Object Repository/Auto/Page_CURA Healthcare Service/button_Login' is clicked on

26-08-2024T01:16:34 - [MESSAGE][PASSED] - Object: 'Object Repository/Auto/Page_CURA Healthcare Service/button_Login' is clicked on

26-08-2024T01:16:34 - [TEST_STEP][PASSED] - click(findTestObject("Object Repository/Auto/Page_CURA Healthcare Service/h2_Make Appointment")): Object: 'Object Repository/Auto/Page_CURA Healthcare Service/h2_Make Appointment' is clicked on

26-08-2024T01:16:34 - [MESSAGE][PASSED] - Object: 'Object Repository/Auto/Page_CURA Healthcare Service/h2_Make Appointment' is clicked on

26-08-2024T01:16:34 - [TEST_STEP][PASSED] - closeBrowser(): Browser is closed

26-08-2024T01:16:35 - [MESSAGE][PASSED] - Browser is closed]]></system-out>
         <system-err><![CDATA[]]></system-err>
      </testcase>
      <testcase name="Test Cases/Script" time="7.438" classname="Test Cases/Script" status="PASSED">
         <system-out><![CDATA[26-08-2024T01:16:35 - [TEST_CASE][PASSED] - Test Cases/Script: Test Cases/Script

26-08-2024T01:16:35 - [TEST_STEP][PASSED] - openBrowser(""): Browser is opened with url: ''

26-08-2024T01:16:35 - [MESSAGE][INFO] - Starting 'Chrome' driver

26-08-2024T01:16:35 - [MESSAGE][INFO] - Action delay is set to 0 milliseconds

26-08-2024T01:16:35 - [MESSAGE][PASSED] - Browser is opened with url: ''

26-08-2024T01:16:35 - [TEST_STEP][PASSED] - navigateToUrl("https://katalon-demo-cura.herokuapp.com/"): Navigate to 'https://katalon-demo-cura.herokuapp.com/' successfully

26-08-2024T01:16:36 - [MESSAGE][PASSED] - Navigate to 'https://katalon-demo-cura.herokuapp.com/' successfully

26-08-2024T01:16:36 - [TEST_STEP][PASSED] - click(findTestObject("Object Repository/Auto/Page_CURA Healthcare Service/a_Make Appointment")): Object: 'Object Repository/Auto/Page_CURA Healthcare Service/a_Make Appointment' is clicked on

26-08-2024T01:16:39 - [MESSAGE][PASSED] - Object: 'Object Repository/Auto/Page_CURA Healthcare Service/a_Make Appointment' is clicked on

26-08-2024T01:16:39 - [TEST_STEP][PASSED] - setText(findTestObject("Object Repository/Auto/Page_CURA Healthcare Service/input_Username_username"), "John Doe"): Text 'John Doe' is set on object 'Object Repository/Auto/Page_CURA Healthcare Service/input_Username_username'

26-08-2024T01:16:40 - [MESSAGE][PASSED] - Text 'John Doe' is set on object 'Object Repository/Auto/Page_CURA Healthcare Service/input_Username_username'

26-08-2024T01:16:40 - [TEST_STEP][PASSED] - setEncryptedText(findTestObject("Object Repository/Auto/Page_CURA Healthcare Service/input_Password_password"), "g3/DOGG74jC3Flrr3yH+3D/yKbOqqUNM"): Text ****** has been set on object 'Object Repository/Auto/Page_CURA Healthcare Service/input_Password_password'

26-08-2024T01:16:40 - [MESSAGE][PASSED] - Text ****** has been set on object 'Object Repository/Auto/Page_CURA Healthcare Service/input_Password_password'

26-08-2024T01:16:40 - [TEST_STEP][PASSED] - click(findTestObject("Object Repository/Auto/Page_CURA Healthcare Service/button_Login")): Object: 'Object Repository/Auto/Page_CURA Healthcare Service/button_Login' is clicked on

26-08-2024T01:16:41 - [MESSAGE][PASSED] - Object: 'Object Repository/Auto/Page_CURA Healthcare Service/button_Login' is clicked on

26-08-2024T01:16:41 - [TEST_STEP][PASSED] - click(findTestObject("Object Repository/Auto/Page_CURA Healthcare Service/h2_Make Appointment")): Object: 'Object Repository/Auto/Page_CURA Healthcare Service/h2_Make Appointment' is clicked on

26-08-2024T01:16:42 - [MESSAGE][PASSED] - Object: 'Object Repository/Auto/Page_CURA Healthcare Service/h2_Make Appointment' is clicked on

26-08-2024T01:16:42 - [TEST_STEP][PASSED] - closeBrowser(): Browser is closed

26-08-2024T01:16:42 - [MESSAGE][PASSED] - Browser is closed]]></system-out>
         <system-err><![CDATA[]]></system-err>
      </testcase>
      <system-out><![CDATA[26-08-2024T01:16:16 - [TEST_SUITE][PASSED] - Test Suite: Test Cases/Script]]></system-out>
      <system-err><![CDATA[]]></system-err>
   </testsuite>
   <testsuite name="Test Suite" tests="3" failures="0" errors="0" time="25.624" skipped="0" timestamp="26-08-2024T01:16:21" hostname="nurul - DESKTOP-T0VFG0N.realtek" id="Test Suites/Test Suite">
      <properties>
         <property name="deviceName" value=""/>
         <property name="devicePlatform"/>
         <property name="logFolder" value="C:\\Users\\nurul\\Desktop\\Lam\\Katalon\\Katalon Studio\\ProjectA\\Reports\\20240826_011604\\Test Suite\\20240826_011607"/>
         <property name="logFiles" value="C:\\Users\\nurul\\Desktop\\Lam\\Katalon\\Katalon Studio\\ProjectA\\Reports\\20240826_011604\\Test Suite\\20240826_011607\\execution0.log"/>
         <property name="attachments" value=""/>
         <property name="hostName" value="nurul - DESKTOP-T0VFG0N.realtek"/>
         <property name="os" value="Windows 10 64bit"/>
         <property name="katalonVersion" value="9.6.0.217"/>
         <property name="browser" value="Chrome 128.0.0.0"/>
         <property name="hostAddress" value="192.168.1.7"/>
         <property name="sessionId" value="7ae1070a715379625ec8427445adfbcc"/>
         <property name="seleniumVersion" value="3.141.59"/>
         <property name="proxyInformation" value="ProxyInformation { proxyOption=NO_PROXY, proxyServerType=HTTP, username=, password=********, proxyServerAddress=, proxyServerPort=0, executionList=&quot;&quot;, isApplyToDesiredCapabilities=true }"/>
         <property name="platform" value="Windows 10"/>
      </properties>
      <testcase name="Test Cases/Auto" time="10.1" classname="Test Cases/Auto" status="PASSED">
         <system-out><![CDATA[26-08-2024T01:16:21 - [TEST_CASE][PASSED] - Test Cases/Auto: Test Cases/Auto

26-08-2024T01:16:21 - [TEST_STEP][PASSED] - openBrowser(""): Browser is opened with url: ''

26-08-2024T01:16:22 - [MESSAGE][INFO] - Starting 'Chrome' driver

26-08-2024T01:16:22 - [MESSAGE][INFO] - Action delay is set to 0 milliseconds

26-08-2024T01:16:24 - [MESSAGE][PASSED] - Browser is opened with url: ''

26-08-2024T01:16:24 - [TEST_STEP][PASSED] - navigateToUrl("https://katalon-demo-cura.herokuapp.com/"): Navigate to 'https://katalon-demo-cura.herokuapp.com/' successfully

26-08-2024T01:16:27 - [MESSAGE][PASSED] - Navigate to 'https://katalon-demo-cura.herokuapp.com/' successfully

26-08-2024T01:16:27 - [TEST_STEP][PASSED] - click(findTestObject("Object Repository/Auto/Page_CURA Healthcare Service/a_Make Appointment")): Object: 'Object Repository/Auto/Page_CURA Healthcare Service/a_Make Appointment' is clicked on

26-08-2024T01:16:28 - [MESSAGE][PASSED] - Object: 'Object Repository/Auto/Page_CURA Healthcare Service/a_Make Appointment' is clicked on

26-08-2024T01:16:28 - [TEST_STEP][PASSED] - setText(findTestObject("Object Repository/Auto/Page_CURA Healthcare Service/input_Username_username"), "John Doe"): Text 'John Doe' is set on object 'Object Repository/Auto/Page_CURA Healthcare Service/input_Username_username'

26-08-2024T01:16:29 - [MESSAGE][PASSED] - Text 'John Doe' is set on object 'Object Repository/Auto/Page_CURA Healthcare Service/input_Username_username'

26-08-2024T01:16:29 - [TEST_STEP][PASSED] - setEncryptedText(findTestObject("Object Repository/Auto/Page_CURA Healthcare Service/input_Password_password"), "g3/DOGG74jC3Flrr3yH+3D/yKbOqqUNM"): Text ****** has been set on object 'Object Repository/Auto/Page_CURA Healthcare Service/input_Password_password'

26-08-2024T01:16:29 - [MESSAGE][PASSED] - Text ****** has been set on object 'Object Repository/Auto/Page_CURA Healthcare Service/input_Password_password'

26-08-2024T01:16:29 - [TEST_STEP][PASSED] - click(findTestObject("Object Repository/Auto/Page_CURA Healthcare Service/button_Login")): Object: 'Object Repository/Auto/Page_CURA Healthcare Service/button_Login' is clicked on

26-08-2024T01:16:30 - [MESSAGE][PASSED] - Object: 'Object Repository/Auto/Page_CURA Healthcare Service/button_Login' is clicked on

26-08-2024T01:16:30 - [TEST_STEP][PASSED] - click(findTestObject("Object Repository/Auto/Page_CURA Healthcare Service/h2_Make Appointment")): Object: 'Object Repository/Auto/Page_CURA Healthcare Service/h2_Make Appointment' is clicked on

26-08-2024T01:16:31 - [MESSAGE][PASSED] - Object: 'Object Repository/Auto/Page_CURA Healthcare Service/h2_Make Appointment' is clicked on

26-08-2024T01:16:31 - [TEST_STEP][PASSED] - closeBrowser(): Browser is closed

26-08-2024T01:16:31 - [MESSAGE][PASSED] - Browser is closed]]></system-out>
         <system-err><![CDATA[]]></system-err>
      </testcase>
      <testcase name="Test Cases/Manual" time="7.619" classname="Test Cases/Manual" status="PASSED">
         <system-out><![CDATA[26-08-2024T01:16:31 - [TEST_CASE][PASSED] - Test Cases/Manual: Test Cases/Manual

26-08-2024T01:16:31 - [TEST_STEP][PASSED] - openBrowser(""): Browser is opened with url: ''

26-08-2024T01:16:31 - [MESSAGE][INFO] - Starting 'Chrome' driver

26-08-2024T01:16:31 - [MESSAGE][INFO] - Action delay is set to 0 milliseconds

26-08-2024T01:16:32 - [MESSAGE][PASSED] - Browser is opened with url: ''

26-08-2024T01:16:32 - [TEST_STEP][PASSED] - navigateToUrl("https://katalon-demo-cura.herokuapp.com/"): Navigate to 'https://katalon-demo-cura.herokuapp.com/' successfully

26-08-2024T01:16:35 - [MESSAGE][PASSED] - Navigate to 'https://katalon-demo-cura.herokuapp.com/' successfully

26-08-2024T01:16:35 - [TEST_STEP][PASSED] - click(findTestObject("Object Repository/Auto/Page_CURA Healthcare Service/a_Make Appointment")): Object: 'Object Repository/Auto/Page_CURA Healthcare Service/a_Make Appointment' is clicked on

26-08-2024T01:16:36 - [MESSAGE][PASSED] - Object: 'Object Repository/Auto/Page_CURA Healthcare Service/a_Make Appointment' is clicked on

26-08-2024T01:16:36 - [TEST_STEP][PASSED] - setText(findTestObject("Object Repository/Auto/Page_CURA Healthcare Service/input_Username_username"), "John Doe"): Text 'John Doe' is set on object 'Object Repository/Auto/Page_CURA Healthcare Service/input_Username_username'

26-08-2024T01:16:36 - [MESSAGE][PASSED] - Text 'John Doe' is set on object 'Object Repository/Auto/Page_CURA Healthcare Service/input_Username_username'

26-08-2024T01:16:36 - [TEST_STEP][PASSED] - setEncryptedText(findTestObject("Object Repository/Auto/Page_CURA Healthcare Service/input_Password_password"), "g3/DOGG74jC3Flrr3yH+3D/yKbOqqUNM"): Text ****** has been set on object 'Object Repository/Auto/Page_CURA Healthcare Service/input_Password_password'

26-08-2024T01:16:37 - [MESSAGE][PASSED] - Text ****** has been set on object 'Object Repository/Auto/Page_CURA Healthcare Service/input_Password_password'

26-08-2024T01:16:37 - [TEST_STEP][PASSED] - click(findTestObject("Object Repository/Auto/Page_CURA Healthcare Service/button_Login")): Object: 'Object Repository/Auto/Page_CURA Healthcare Service/button_Login' is clicked on

26-08-2024T01:16:38 - [MESSAGE][PASSED] - Object: 'Object Repository/Auto/Page_CURA Healthcare Service/button_Login' is clicked on

26-08-2024T01:16:38 - [TEST_STEP][PASSED] - click(findTestObject("Object Repository/Auto/Page_CURA Healthcare Service/h2_Make Appointment")): Object: 'Object Repository/Auto/Page_CURA Healthcare Service/h2_Make Appointment' is clicked on

26-08-2024T01:16:39 - [MESSAGE][PASSED] - Object: 'Object Repository/Auto/Page_CURA Healthcare Service/h2_Make Appointment' is clicked on

26-08-2024T01:16:39 - [TEST_STEP][PASSED] - closeBrowser(): Browser is closed

26-08-2024T01:16:39 - [MESSAGE][PASSED] - Browser is closed]]></system-out>
         <system-err><![CDATA[]]></system-err>
      </testcase>
      <testcase name="Test Cases/Script" time="7.716" classname="Test Cases/Script" status="PASSED">
         <system-out><![CDATA[26-08-2024T01:16:39 - [TEST_CASE][PASSED] - Test Cases/Script: Test Cases/Script

26-08-2024T01:16:39 - [TEST_STEP][PASSED] - openBrowser(""): Browser is opened with url: ''

26-08-2024T01:16:39 - [MESSAGE][INFO] - Starting 'Chrome' driver

26-08-2024T01:16:39 - [MESSAGE][INFO] - Action delay is set to 0 milliseconds

26-08-2024T01:16:40 - [MESSAGE][PASSED] - Browser is opened with url: ''

26-08-2024T01:16:40 - [TEST_STEP][PASSED] - navigateToUrl("https://katalon-demo-cura.herokuapp.com/"): Navigate to 'https://katalon-demo-cura.herokuapp.com/' successfully

26-08-2024T01:16:43 - [MESSAGE][PASSED] - Navigate to 'https://katalon-demo-cura.herokuapp.com/' successfully

26-08-2024T01:16:43 - [TEST_STEP][PASSED] - click(findTestObject("Object Repository/Auto/Page_CURA Healthcare Service/a_Make Appointment")): Object: 'Object Repository/Auto/Page_CURA Healthcare Service/a_Make Appointment' is clicked on

26-08-2024T01:16:44 - [MESSAGE][PASSED] - Object: 'Object Repository/Auto/Page_CURA Healthcare Service/a_Make Appointment' is clicked on

26-08-2024T01:16:44 - [TEST_STEP][PASSED] - setText(findTestObject("Object Repository/Auto/Page_CURA Healthcare Service/input_Username_username"), "John Doe"): Text 'John Doe' is set on object 'Object Repository/Auto/Page_CURA Healthcare Service/input_Username_username'

26-08-2024T01:16:44 - [MESSAGE][PASSED] - Text 'John Doe' is set on object 'Object Repository/Auto/Page_CURA Healthcare Service/input_Username_username'

26-08-2024T01:16:44 - [TEST_STEP][PASSED] - setEncryptedText(findTestObject("Object Repository/Auto/Page_CURA Healthcare Service/input_Password_password"), "g3/DOGG74jC3Flrr3yH+3D/yKbOqqUNM"): Text ****** has been set on object 'Object Repository/Auto/Page_CURA Healthcare Service/input_Password_password'

26-08-2024T01:16:45 - [MESSAGE][PASSED] - Text ****** has been set on object 'Object Repository/Auto/Page_CURA Healthcare Service/input_Password_password'

26-08-2024T01:16:45 - [TEST_STEP][PASSED] - click(findTestObject("Object Repository/Auto/Page_CURA Healthcare Service/button_Login")): Object: 'Object Repository/Auto/Page_CURA Healthcare Service/button_Login' is clicked on

26-08-2024T01:16:46 - [MESSAGE][PASSED] - Object: 'Object Repository/Auto/Page_CURA Healthcare Service/button_Login' is clicked on

26-08-2024T01:16:46 - [TEST_STEP][PASSED] - click(findTestObject("Object Repository/Auto/Page_CURA Healthcare Service/h2_Make Appointment")): Object: 'Object Repository/Auto/Page_CURA Healthcare Service/h2_Make Appointment' is clicked on

26-08-2024T01:16:46 - [MESSAGE][PASSED] - Object: 'Object Repository/Auto/Page_CURA Healthcare Service/h2_Make Appointment' is clicked on

26-08-2024T01:16:46 - [TEST_STEP][PASSED] - closeBrowser(): Browser is closed

26-08-2024T01:16:47 - [MESSAGE][PASSED] - Browser is closed]]></system-out>
         <system-err><![CDATA[]]></system-err>
      </testcase>
      <system-out><![CDATA[26-08-2024T01:16:21 - [TEST_SUITE][PASSED] - Test Suite: Test Cases/Script]]></system-out>
      <system-err><![CDATA[]]></system-err>
   </testsuite>
</testsuites>
